<?xml version="1.0" encoding="UTF-8"?>
<testng-results ignored="0" total="0" passed="0" failed="0" skipped="0">
  <reporter-output>
  </reporter-output>
  <suite started-at="2024-03-29T12:44:33 IST" name="Default suite" finished-at="2024-03-29T12:44:33 IST" duration-ms="170">
    <groups>
      <group name="cucumber">
        <method signature="AbstractTestNGCucumberTests.runScenario(io.cucumber.testng.PickleWrapper,io.cucumber.testng.FeatureWrapper)[pri:0, instance:runner.Acresrunner@2767e23c]" name="runScenario" class="io.cucumber.testng.AbstractTestNGCucumberTests"/>
      </group> <!-- cucumber -->
    </groups>
    <test started-at="2024-03-29T12:44:33 IST" name="Default test" finished-at="2024-03-29T12:44:33 IST" duration-ms="170">
      <class name="runner.Acresrunner">
        <test-method is-config="true" signature="setUpClass(org.testng.ITestContext)[pri:0, instance:runner.Acresrunner@2767e23c]" started-at="2024-03-29T12:44:33 IST" name="setUpClass" finished-at="2024-03-29T12:44:33 IST" duration-ms="138" status="PASS">
          <params>
            <param index="0">
              <value>
                <![CDATA[org.testng.TestRunner@2826f61]]>
              </value>
            </param>
          </params>
          <reporter-output>
          </reporter-output>
        </test-method> <!-- setUpClass -->
        <test-method is-config="true" signature="tearDownClass()[pri:0, instance:runner.Acresrunner@2767e23c]" started-at="2024-03-29T12:44:33 IST" name="tearDownClass" finished-at="2024-03-29T12:44:33 IST" duration-ms="2" status="PASS">
          <reporter-output>
          </reporter-output>
        </test-method> <!-- tearDownClass -->
      </class> <!-- runner.Acresrunner -->
    </test> <!-- Default test -->
  </suite> <!-- Default suite -->
</testng-results>
